<?xml version="1.0" encoding="UTF-8"?>
<!-- Generated by org.testng.reporters.JUnitXMLReporter -->
<testsuite ignored="0" hostname="ADMIN-PC" failures="1" tests="4" name="Test" time="117.578" errors="0" timestamp="2023-03-03T15:50:42 IST">
  <testcase classname="com.tutorialninja.testclasses.RegisterTest" name="verifyRegisteringAnAccountWithMandatoryFields" time="4.006"/>
  <testcase classname="com.tutorialninja.testclasses.RegisterTest" name="verifyRegisteringAccountByProvidingAllFields" time="1.687"/>
  <testcase classname="com.tutorialninja.testclasses.RegisterTest" name="verifyRegisteringAccountWithExistingEmailAddress" time="1.501">
    <failure type="java.lang.AssertionError" message="Warning message regaring duplicate email address is not displayed expected [true] but found [false]">
      <![CDATA[java.lang.AssertionError: Warning message regaring duplicate email address is not displayed expected [true] but found [false]
at com.tutorialninja.testclasses.RegisterTest.verifyRegisteringAccountWithExistingEmailAddress(RegisterTest.java:58)
at java.base/java.util.ArrayList.forEach(ArrayList.java:1511)
... Removed 30 stack frames]]>
    </failure>
  </testcase> <!-- verifyRegisteringAccountWithExistingEmailAddress -->
  <testcase classname="com.tutorialninja.testclasses.RegisterTest" name="verifyRegisteringAccountWithDiffPaswword" time="1.749"/>
</testsuite> <!-- Test -->
